<?xml version="1.0" encoding="UTF-8"?>
<!-- Generated by org.testng.reporters.JUnitXMLReporter -->
<testsuite hostname="VICKY" name="Mobile Automation Test on Pixel 3" tests="1" failures="0" timestamp="23 Dec 2020 04:29:01 GMT" time="7.084" errors="0">
  <testcase name="@BeforeTest DriverInitializataion" time="0.0" classname="com.TestCases.LoginTest">
    <failure type="org.openqa.selenium.SessionNotCreatedException" message="Unable to create a new remote session. Please check the server log for more details. Original error: [BROWSERSTACK_INVALID_APP_CAP] The app_url/ custom_id/ shareable_id specified in the &amp;apos;app&amp;apos; capability in your test script is invalid. Please update the &amp;apos;app&amp;apos; capability with a valid value and try again. (WARNING: The server did not provide any stacktrace information)
Command duration or timeout: 1.74 seconds
Build info: version: &amp;apos;3.14.0&amp;apos;, revision: &amp;apos;aacccce0&amp;apos;, time: &amp;apos;2018-08-02T20:19:58.91Z&amp;apos;
System info: host: &amp;apos;VICKY&amp;apos;, ip: &amp;apos;10.0.75.1&amp;apos;, os.name: &amp;apos;Windows 10&amp;apos;, os.arch: &amp;apos;amd64&amp;apos;, os.version: &amp;apos;10.0&amp;apos;, java.version: &amp;apos;1.8.0_231&amp;apos;
Driver info: driver.version: AndroidDriver
Build info: version: &amp;apos;3.14.0&amp;apos;, revision: &amp;apos;aacccce0&amp;apos;, time: &amp;apos;2018-08-02T20:19:58.91Z&amp;apos;
System info: host: &amp;apos;VICKY&amp;apos;, ip: &amp;apos;10.0.75.1&amp;apos;, os.name: &amp;apos;Windows 10&amp;apos;, os.arch: &amp;apos;amd64&amp;apos;, os.version: &amp;apos;10.0&amp;apos;, java.version: &amp;apos;1.8.0_231&amp;apos;
Driver info: driver.version: AndroidDriver">
      <![CDATA[org.openqa.selenium.SessionNotCreatedException: Unable to create a new remote session. Please check the server log for more details. Original error: [BROWSERSTACK_INVALID_APP_CAP] The app_url/ custom_id/ shareable_id specified in the 'app' capability in your test script is invalid. Please update the 'app' capability with a valid value and try again. (WARNING: The server did not provide any stacktrace information)
Command duration or timeout: 1.74 seconds
Build info: version: '3.14.0', revision: 'aacccce0', time: '2018-08-02T20:19:58.91Z'
System info: host: 'VICKY', ip: '10.0.75.1', os.name: 'Windows 10', os.arch: 'amd64', os.version: '10.0', java.version: '1.8.0_231'
Driver info: driver.version: AndroidDriver
Build info: version: '3.14.0', revision: 'aacccce0', time: '2018-08-02T20:19:58.91Z'
System info: host: 'VICKY', ip: '10.0.75.1', os.name: 'Windows 10', os.arch: 'amd64', os.version: '10.0', java.version: '1.8.0_231'
Driver info: driver.version: AndroidDriver
	at io.appium.java_client.remote.AppiumCommandExecutor$1.createSession(AppiumCommandExecutor.java:208)
	at io.appium.java_client.remote.AppiumCommandExecutor.createSession(AppiumCommandExecutor.java:217)
	at io.appium.java_client.remote.AppiumCommandExecutor.execute(AppiumCommandExecutor.java:239)
	at org.openqa.selenium.remote.RemoteWebDriver.execute(RemoteWebDriver.java:548)
	at io.appium.java_client.DefaultGenericMobileDriver.execute(DefaultGenericMobileDriver.java:41)
	at io.appium.java_client.AppiumDriver.execute(AppiumDriver.java:1)
	at io.appium.java_client.android.AndroidDriver.execute(AndroidDriver.java:1)
	at org.openqa.selenium.remote.RemoteWebDriver.startSession(RemoteWebDriver.java:212)
	at io.appium.java_client.AppiumDriver.startSession(AppiumDriver.java:336)
	at org.openqa.selenium.remote.RemoteWebDriver.<init>(RemoteWebDriver.java:130)
	at io.appium.java_client.DefaultGenericMobileDriver.<init>(DefaultGenericMobileDriver.java:37)
	at io.appium.java_client.AppiumDriver.<init>(AppiumDriver.java:88)
	at io.appium.java_client.AppiumDriver.<init>(AppiumDriver.java:98)
	at io.appium.java_client.android.AndroidDriver.<init>(AndroidDriver.java:94)
	at com.BaseClass.TestBase.DriverInitializataion(TestBase.java:209)
	at io.appium.java_client.remote.AppiumCommandExecutor$1.createSession(AppiumCommandExecutor.java:186)
	... 36 more
Caused by: org.openqa.selenium.WebDriverException: [BROWSERSTACK_INVALID_APP_CAP] The app_url/ custom_id/ shareable_id specified in the 'app' capability in your test script is invalid. Please update the 'app' capability with a valid value and try again. (WARNING: The server did not provide any stacktrace information)
Command duration or timeout: 1.74 seconds
Build info: version: '3.14.0', revision: 'aacccce0', time: '2018-08-02T20:19:58.91Z'
System info: host: 'VICKY', ip: '10.0.75.1', os.name: 'Windows 10', os.arch: 'amd64', os.version: '10.0', java.version: '1.8.0_231'
Driver info: driver.version: AndroidDriver
	at org.openqa.selenium.remote.ErrorHandler.createThrowable(ErrorHandler.java:214)
	at org.openqa.selenium.remote.ErrorHandler.throwIfResponseFailed(ErrorHandler.java:166)
	at org.openqa.selenium.remote.JsonWireProtocolResponse.lambda$new$0(JsonWireProtocolResponse.java:53)
	at org.openqa.selenium.remote.JsonWireProtocolResponse.lambda$getResponseFunction$2(JsonWireProtocolResponse.java:91)
	at org.openqa.selenium.remote.ProtocolHandshake.lambda$createSession$0(ProtocolHandshake.java:122)
	at java.util.stream.ReferencePipeline$3$1.accept(Unknown Source)
	at java.util.Spliterators$ArraySpliterator.tryAdvance(Unknown Source)
	at java.util.stream.ReferencePipeline.forEachWithCancel(Unknown Source)
	at java.util.stream.AbstractPipeline.copyIntoWithCancel(Unknown Source)
	at java.util.stream.AbstractPipeline.copyInto(Unknown Source)
	at java.util.stream.AbstractPipeline.wrapAndCopyInto(Unknown Source)
	at java.util.stream.FindOps$FindOp.evaluateSequential(Unknown Source)
	at java.util.stream.AbstractPipeline.evaluate(Unknown Source)
	at java.util.stream.ReferencePipeline.findFirst(Unknown Source)
	at org.openqa.selenium.remote.ProtocolHandshake.createSession(ProtocolHandshake.java:125)
	... 41 more
... Removed 31 stack frames]]>
    </failure>
  </testcase> <!-- @BeforeTest DriverInitializataion -->
  <testcase name="@BeforeClass jsonDataInitialaization" time="0.0" classname="com.TestCases.LoginTest">
    <skipped/>
  </testcase> <!-- @BeforeClass jsonDataInitialaization -->
  <testcase name="@BeforeMethod startVideoRecording" time="0.0" classname="com.TestCases.LoginTest">
    <skipped/>
  </testcase> <!-- @BeforeMethod startVideoRecording -->
  <testcase name="@BeforeMethod Initialaization" time="0.0" classname="com.TestCases.LoginTest">
    <skipped/>
  </testcase> <!-- @BeforeMethod Initialaization -->
  <testcase name="@AfterMethod stopVideoRecording" time="0.0" classname="com.TestCases.LoginTest">
    <skipped/>
  </testcase> <!-- @AfterMethod stopVideoRecording -->
  <testcase name="@AfterTest afterTest" time="0.0" classname="com.TestCases.LoginTest">
    <skipped/>
  </testcase> <!-- @AfterTest afterTest -->
  <testcase name="validUsernameTest" time="0.577" classname="com.TestCases.LoginTest">
    <skipped/>
  </testcase> <!-- validUsernameTest -->
</testsuite> <!-- Mobile Automation Test on Pixel 3 -->
