<!DOCTYPE html PUBLIC "-//W3C//DTD XHTML 1.1//EN" "http://www.w3.org/TR/xhtml11/DTD/xhtml11.dtd">
<html xmlns="http://www.w3.org/1999/xhtml"><head><title>TestNG Report</title><style type="text/css">table {margin-bottom:10px;border-collapse:collapse;empty-cells:show}th,td {border:1px solid #009;padding:.25em .5em}th {vertical-align:bottom}td {vertical-align:top}table a {font-weight:bold}.stripe td {background-color: #E6EBF9}.num {text-align:right}.passedodd td {background-color: #3F3}.passedeven td {background-color: #0A0}.skippedodd td {background-color: #DDD}.skippedeven td {background-color: #CCC}.failedodd td,.attn {background-color: #F33}.failedeven td,.stripe .attn {background-color: #D00}.stacktrace {white-space:pre;font-family:monospace}.totop {font-size:85%;text-align:center;border-bottom:2px solid #000}</style></head><body><table><tr><th>Test</th><th># Passed</th><th># Skipped</th><th># Failed</th><th>Time (ms)</th><th>Included Groups</th><th>Excluded Groups</th></tr><tr><th colspan="7">Suite</th></tr><tr><td><a href="#t0">Mobile Automation Test on Pixel 2</a></td><td class="num">1</td><td class="num attn">9</td><td class="num">0</td><td class="num">111,984</td><td></td><td></td></tr><tr class="stripe"><td><a href="#t1">Mobile Automation Test on Pixel 3</a></td><td class="num">1</td><td class="num attn">9</td><td class="num">0</td><td class="num">111,971</td><td></td><td></td></tr><tr><th>Total</th><th class="num">2</th><th class="num attn">18</th><th class="num">0</th><th class="num">223,955</th><th colspan="2"></th></tr></table><table><thead><tr><th>Class</th><th>Method</th><th>Start</th><th>Time (ms)</th></tr></thead><tbody><tr><th colspan="4">Suite</th></tr></tbody><tbody id="t0"><tr><th colspan="4">Mobile Automation Test on Pixel 2 &#8212; failed (configuration methods)</th></tr><tr class="failedeven"><td rowspan="1">com.TestCases.ProductCheckOutTest</td><td><a href="#m0">jsonDataInitialaization</a></td><td rowspan="1">1609303947023</td><td rowspan="1">0</td></tr><tr><th colspan="4">Mobile Automation Test on Pixel 2 &#8212; skipped (configuration methods)</th></tr><tr class="skippedeven"><td rowspan="7">com.TestCases.LoginTest</td><td><a href="#m1">Initialaization</a></td><td rowspan="2">1609303979944</td><td rowspan="2">0</td></tr><tr class="skippedeven"><td><a href="#m2">Initialaization</a></td></tr><tr class="skippedeven"><td><a href="#m3">afterTest</a></td><td rowspan="1">1609303979959</td><td rowspan="1">0</td></tr><tr class="skippedeven"><td><a href="#m4">startVideoRecording</a></td><td rowspan="2">1609303979943</td><td rowspan="2">0</td></tr><tr class="skippedeven"><td><a href="#m5">startVideoRecording</a></td></tr><tr class="skippedeven"><td><a href="#m6">stopVideoRecording</a></td><td rowspan="2">1609303979944</td><td rowspan="2">0</td></tr><tr class="skippedeven"><td><a href="#m7">stopVideoRecording</a></td></tr><tr class="skippedodd"><td rowspan="3">com.TestCases.ProductCheckOutTest</td><td><a href="#m8">logOutAndTearDown</a></td><td rowspan="1">1609303979958</td><td rowspan="1">0</td></tr><tr class="skippedodd"><td><a href="#m9">startVideoRecording</a></td><td rowspan="1">1609303979928</td><td rowspan="1">0</td></tr><tr class="skippedodd"><td><a href="#m10">stopVideoRecording</a></td><td rowspan="1">1609303979939</td><td rowspan="1">0</td></tr><tr class="skippedeven"><td rowspan="9">com.TestCases.ProductInformationTest</td><td><a href="#m11">afterMethod</a></td><td rowspan="2">1609303979943</td><td rowspan="2">0</td></tr><tr class="skippedeven"><td><a href="#m12">afterMethod</a></td></tr><tr class="skippedeven"><td><a href="#m13">beforeClass</a></td><td rowspan="1">1609303979940</td><td rowspan="1">0</td></tr><tr class="skippedeven"><td><a href="#m14">beforeMethod</a></td><td rowspan="2">1609303979950</td><td rowspan="2">0</td></tr><tr class="skippedeven"><td><a href="#m15">beforeMethod</a></td></tr><tr class="skippedeven"><td><a href="#m16">startVideoRecording</a></td><td rowspan="2">1609303979942</td><td rowspan="2">0</td></tr><tr class="skippedeven"><td><a href="#m17">startVideoRecording</a></td></tr><tr class="skippedeven"><td><a href="#m18">stopVideoRecording</a></td><td rowspan="2">1609303979951</td><td rowspan="2">0</td></tr><tr class="skippedeven"><td><a href="#m19">stopVideoRecording</a></td></tr><tr><th colspan="4">Mobile Automation Test on Pixel 2 &#8212; skipped</th></tr><tr class="skippedeven"><td rowspan="2">com.TestCases.LoginTest</td><td><a href="#m20">invalidPasswordTest</a></td><td rowspan="1">1609303979944</td><td rowspan="1">0</td></tr><tr class="skippedeven"><td><a href="#m21">validUsernameTest</a></td><td rowspan="1">1609303979952</td><td rowspan="1">0</td></tr><tr class="skippedodd"><td rowspan="5">com.TestCases.ProductCheckOutTest</td><td><a href="#m22">validateAddToCart</a></td><td rowspan="1">1609303979928</td><td rowspan="1">1</td></tr><tr class="skippedodd"><td><a href="#m23">validateProductOnCartPage</a></td><td rowspan="1">1609303979957</td><td rowspan="1">0</td></tr><tr class="skippedodd"><td><a href="#m24">validateProductOnInformationPage</a></td><td rowspan="1">1609303979957</td><td rowspan="1">0</td></tr><tr class="skippedodd"><td><a href="#m25">validateProductOnOverviewPage</a></td><td rowspan="1">1609303979958</td><td rowspan="1">0</td></tr><tr class="skippedodd"><td><a href="#m26">validateProductOrderSucess</a></td><td rowspan="1">1609303979958</td><td rowspan="1">0</td></tr><tr class="skippedeven"><td rowspan="2">com.TestCases.ProductInformationTest</td><td><a href="#m27">validateProductsOnProductDetailsPage</a></td><td rowspan="1">1609303979950</td><td rowspan="1">1</td></tr><tr class="skippedeven"><td><a href="#m28">validateProductsOnProductPage</a></td><td rowspan="1">1609303979942</td><td rowspan="1">1</td></tr><tr><th colspan="4">Mobile Automation Test on Pixel 2 &#8212; passed</th></tr><tr class="passedeven"><td rowspan="1">com.TestCases.LoginTest</td><td><a href="#m29">invalidUsernameTest</a></td><td rowspan="1">1609303929332</td><td rowspan="1">14475</td></tr></tbody><tbody id="t1"><tr><th colspan="4">Mobile Automation Test on Pixel 3 &#8212; failed (configuration methods)</th></tr><tr class="failedeven"><td rowspan="1">com.TestCases.ProductCheckOutTest</td><td><a href="#m30">jsonDataInitialaization</a></td><td rowspan="1">1609303946822</td><td rowspan="1">0</td></tr><tr><th colspan="4">Mobile Automation Test on Pixel 3 &#8212; skipped (configuration methods)</th></tr><tr class="skippedeven"><td rowspan="8">com.TestCases.LoginTest</td><td><a href="#m31">Initialaization</a></td><td rowspan="2">1609303979954</td><td rowspan="2">0</td></tr><tr class="skippedeven"><td><a href="#m32">Initialaization</a></td></tr><tr class="skippedeven"><td><a href="#m33">afterTest</a></td><td rowspan="1">1609303979959</td><td rowspan="1">0</td></tr><tr class="skippedeven"><td><a href="#m34">startVideoRecording</a></td><td rowspan="2">1609303979954</td><td rowspan="2">0</td></tr><tr class="skippedeven"><td><a href="#m35">startVideoRecording</a></td></tr><tr class="skippedeven"><td><a href="#m36">stopAppiumServer</a></td><td rowspan="1">1609303982993</td><td rowspan="1">0</td></tr><tr class="skippedeven"><td><a href="#m37">stopVideoRecording</a></td><td rowspan="2">1609303979956</td><td rowspan="2">0</td></tr><tr class="skippedeven"><td><a href="#m38">stopVideoRecording</a></td></tr><tr class="skippedodd"><td rowspan="3">com.TestCases.ProductCheckOutTest</td><td><a href="#m39">logOutAndTearDown</a></td><td rowspan="1">1609303979959</td><td rowspan="1">0</td></tr><tr class="skippedodd"><td><a href="#m40">startVideoRecording</a></td><td rowspan="1">1609303979930</td><td rowspan="1">0</td></tr><tr class="skippedodd"><td><a href="#m41">stopVideoRecording</a></td><td rowspan="1">1609303979943</td><td rowspan="1">0</td></tr><tr class="skippedeven"><td rowspan="9">com.TestCases.ProductInformationTest</td><td><a href="#m42">afterMethod</a></td><td rowspan="2">1609303979944</td><td rowspan="2">0</td></tr><tr class="skippedeven"><td><a href="#m43">afterMethod</a></td></tr><tr class="skippedeven"><td><a href="#m44">beforeClass</a></td><td rowspan="1">1609303979943</td><td rowspan="1">0</td></tr><tr class="skippedeven"><td><a href="#m45">beforeMethod</a></td><td rowspan="2">1609303979952</td><td rowspan="2">0</td></tr><tr class="skippedeven"><td><a href="#m46">beforeMethod</a></td></tr><tr class="skippedeven"><td><a href="#m47">startVideoRecording</a></td><td rowspan="2">1609303979944</td><td rowspan="2">0</td></tr><tr class="skippedeven"><td><a href="#m48">startVideoRecording</a></td></tr><tr class="skippedeven"><td><a href="#m49">stopVideoRecording</a></td><td rowspan="2">1609303979953</td><td rowspan="2">0</td></tr><tr class="skippedeven"><td><a href="#m50">stopVideoRecording</a></td></tr><tr><th colspan="4">Mobile Automation Test on Pixel 3 &#8212; skipped</th></tr><tr class="skippedeven"><td rowspan="2">com.TestCases.LoginTest</td><td><a href="#m51">invalidPasswordTest</a></td><td rowspan="1">1609303979951</td><td rowspan="1">0</td></tr><tr class="skippedeven"><td><a href="#m52">validUsernameTest</a></td><td rowspan="1">1609303979955</td><td rowspan="1">0</td></tr><tr class="skippedodd"><td rowspan="5">com.TestCases.ProductCheckOutTest</td><td><a href="#m53">validateAddToCart</a></td><td rowspan="1">1609303979930</td><td rowspan="1">12</td></tr><tr class="skippedodd"><td><a href="#m54">validateProductOnCartPage</a></td><td rowspan="1">1609303979957</td><td rowspan="1">0</td></tr><tr class="skippedodd"><td><a href="#m55">validateProductOnInformationPage</a></td><td rowspan="1">1609303979957</td><td rowspan="1">0</td></tr><tr class="skippedodd"><td><a href="#m56">validateProductOnOverviewPage</a></td><td rowspan="1">1609303979958</td><td rowspan="1">0</td></tr><tr class="skippedodd"><td><a href="#m57">validateProductOrderSucess</a></td><td rowspan="1">1609303979958</td><td rowspan="1">0</td></tr><tr class="skippedeven"><td rowspan="2">com.TestCases.ProductInformationTest</td><td><a href="#m58">validateProductsOnProductDetailsPage</a></td><td rowspan="1">1609303979952</td><td rowspan="1">1</td></tr><tr class="skippedeven"><td><a href="#m59">validateProductsOnProductPage</a></td><td rowspan="1">1609303979944</td><td rowspan="1">0</td></tr><tr><th colspan="4">Mobile Automation Test on Pixel 3 &#8212; passed</th></tr><tr class="passedeven"><td rowspan="1">com.TestCases.LoginTest</td><td><a href="#m60">invalidUsernameTest</a></td><td rowspan="1">1609303920615</td><td rowspan="1">23165</td></tr></tbody></table><h2>Mobile Automation Test on Pixel 2</h2><h3 id="m0">com.TestCases.ProductCheckOutTest#jsonDataInitialaization</h3><table class="result"><tr><th>Exception</th></tr><tr><td><div class="stacktrace">org.openqa.selenium.WebDriverException: An unknown server-side error occurred while processing the command. Original error: Could not proxy command to remote server. Original error: Error: socket hang up
Build info: version: &apos;3.14.0&apos;, revision: &apos;aacccce0&apos;, time: &apos;2018-08-02T20:19:58.91Z&apos;
System info: host: &apos;VICKY&apos;, ip: &apos;10.0.75.1&apos;, os.name: &apos;Windows 10&apos;, os.arch: &apos;amd64&apos;, os.version: &apos;10.0&apos;, java.version: &apos;1.8.0_231&apos;
Driver info: io.appium.java_client.android.AndroidDriver
Capabilities {appActivity: com.swaglabsmobileapp.MainA..., appPackage: com.swaglabsmobileapp, avdLaunchTimeout: 120000, databaseEnabled: false, desired: {appActivity: com.swaglabsmobileapp.MainA..., appPackage: com.swaglabsmobileapp, avdLaunchTimeout: 120000, deviceName: Pixel_2, platformName: android, platformVersion: 9.0}, deviceApiLevel: 28, deviceManufacturer: Google, deviceModel: AOSP on IA Emulator, deviceName: emulator-5554, deviceScreenDensity: 420, deviceScreenSize: 1080x1920, deviceUDID: emulator-5554, javascriptEnabled: true, locationContextEnabled: false, networkConnectionEnabled: true, pixelRatio: 2.625, platform: LINUX, platformName: Android, platformVersion: 9, statBarHeight: 63, takesScreenshot: true, viewportRect: {height: 1731, left: 0, top: 63, width: 1080}, warnings: {}, webStorageEnabled: false}
Session ID: f6ab2a3d-c17e-46ab-b0af-c0fcfdb80aaf
	at org.openqa.selenium.remote.http.W3CHttpResponseCodec.createException(W3CHttpResponseCodec.java:187)
	at org.openqa.selenium.remote.http.W3CHttpResponseCodec.decode(W3CHttpResponseCodec.java:122)
	at org.openqa.selenium.remote.http.W3CHttpResponseCodec.decode(W3CHttpResponseCodec.java:49)
	at org.openqa.selenium.remote.HttpCommandExecutor.execute(HttpCommandExecutor.java:158)
	at io.appium.java_client.remote.AppiumCommandExecutor.execute(AppiumCommandExecutor.java:239)
	at org.openqa.selenium.remote.RemoteWebDriver.execute(RemoteWebDriver.java:548)
	at io.appium.java_client.DefaultGenericMobileDriver.execute(DefaultGenericMobileDriver.java:41)
	at io.appium.java_client.AppiumDriver.execute(AppiumDriver.java:1)
	at io.appium.java_client.android.AndroidDriver.execute(AndroidDriver.java:1)
	at org.openqa.selenium.remote.RemoteWebElement.execute(RemoteWebElement.java:276)
	at io.appium.java_client.DefaultGenericMobileElement.execute(DefaultGenericMobileElement.java:45)
	at io.appium.java_client.MobileElement.execute(MobileElement.java:1)
	at io.appium.java_client.android.AndroidElement.execute(AndroidElement.java:1)
	at org.openqa.selenium.remote.RemoteWebElement.clear(RemoteWebElement.java:118)
	at io.appium.java_client.pagefactory.ElementInterceptor.getObject(ElementInterceptor.java:40)
	at io.appium.java_client.pagefactory.interceptors.InterceptorOfASingleElement.intercept(InterceptorOfASingleElement.java:60)
	at io.appium.java_client.android.AndroidElement$$EnhancerByCGLIB$$c0b591f0.clear(&lt;generated&gt;)
	at com.BaseClass.TestBase.clear(TestBase.java:240)
	at com.Pages.LoginPage.enterUsername(LoginPage.java:22)
	at com.Pages.LoginPage.userLogin(LoginPage.java:44)
	at com.TestCases.ProductCheckOutTest.jsonDataInitialaization(ProductCheckOutTest.java:59)
	at java.util.concurrent.FutureTask.run(Unknown Source)
	at java.util.concurrent.ThreadPoolExecutor.runWorker(Unknown Source)
	at java.util.concurrent.ThreadPoolExecutor$Worker.run(Unknown Source)
	at java.lang.Thread.run(Unknown Source)
... Removed 24 stack frames</div></td></tr></table><p class="totop"><a href="#summary">back to summary</a></p><h3 id="m1">com.TestCases.LoginTest#Initialaization</h3><table class="result"></table><p class="totop"><a href="#summary">back to summary</a></p><h3 id="m2">com.TestCases.LoginTest#Initialaization</h3><table class="result"></table><p class="totop"><a href="#summary">back to summary</a></p><h3 id="m3">com.TestCases.LoginTest#afterTest</h3><table class="result"></table><p class="totop"><a href="#summary">back to summary</a></p><h3 id="m4">com.TestCases.LoginTest#startVideoRecording</h3><table class="result"></table><p class="totop"><a href="#summary">back to summary</a></p><h3 id="m5">com.TestCases.LoginTest#startVideoRecording</h3><table class="result"></table><p class="totop"><a href="#summary">back to summary</a></p><h3 id="m6">com.TestCases.LoginTest#stopVideoRecording</h3><table class="result"></table><p class="totop"><a href="#summary">back to summary</a></p><h3 id="m7">com.TestCases.LoginTest#stopVideoRecording</h3><table class="result"></table><p class="totop"><a href="#summary">back to summary</a></p><h3 id="m8">com.TestCases.ProductCheckOutTest#logOutAndTearDown</h3><table class="result"></table><p class="totop"><a href="#summary">back to summary</a></p><h3 id="m9">com.TestCases.ProductCheckOutTest#startVideoRecording</h3><table class="result"></table><p class="totop"><a href="#summary">back to summary</a></p><h3 id="m10">com.TestCases.ProductCheckOutTest#stopVideoRecording</h3><table class="result"></table><p class="totop"><a href="#summary">back to summary</a></p><h3 id="m11">com.TestCases.ProductInformationTest#afterMethod</h3><table class="result"></table><p class="totop"><a href="#summary">back to summary</a></p><h3 id="m12">com.TestCases.ProductInformationTest#afterMethod</h3><table class="result"></table><p class="totop"><a href="#summary">back to summary</a></p><h3 id="m13">com.TestCases.ProductInformationTest#beforeClass</h3><table class="result"></table><p class="totop"><a href="#summary">back to summary</a></p><h3 id="m14">com.TestCases.ProductInformationTest#beforeMethod</h3><table class="result"></table><p class="totop"><a href="#summary">back to summary</a></p><h3 id="m15">com.TestCases.ProductInformationTest#beforeMethod</h3><table class="result"></table><p class="totop"><a href="#summary">back to summary</a></p><h3 id="m16">com.TestCases.ProductInformationTest#startVideoRecording</h3><table class="result"></table><p class="totop"><a href="#summary">back to summary</a></p><h3 id="m17">com.TestCases.ProductInformationTest#startVideoRecording</h3><table class="result"></table><p class="totop"><a href="#summary">back to summary</a></p><h3 id="m18">com.TestCases.ProductInformationTest#stopVideoRecording</h3><table class="result"></table><p class="totop"><a href="#summary">back to summary</a></p><h3 id="m19">com.TestCases.ProductInformationTest#stopVideoRecording</h3><table class="result"></table><p class="totop"><a href="#summary">back to summary</a></p><h3 id="m20">com.TestCases.LoginTest#invalidPasswordTest</h3><table class="result"></table><p class="totop"><a href="#summary">back to summary</a></p><h3 id="m21">com.TestCases.LoginTest#validUsernameTest</h3><table class="result"></table><p class="totop"><a href="#summary">back to summary</a></p><h3 id="m22">com.TestCases.ProductCheckOutTest#validateAddToCart</h3><table class="result"></table><p class="totop"><a href="#summary">back to summary</a></p><h3 id="m23">com.TestCases.ProductCheckOutTest#validateProductOnCartPage</h3><table class="result"><tr><th>Exception</th></tr><tr><td><div class="stacktrace">java.lang.Throwable: Method ProductCheckOutTest.validateProductOnCartPage()[pri:0, instance:com.TestCases.ProductCheckOutTest@c46bcd4] depends on not successfully finished methods
	at java.util.concurrent.FutureTask.run(Unknown Source)
	at java.util.concurrent.ThreadPoolExecutor.runWorker(Unknown Source)
	at java.util.concurrent.ThreadPoolExecutor$Worker.run(Unknown Source)
	at java.lang.Thread.run(Unknown Source)
... Removed 9 stack frames</div></td></tr></table><p class="totop"><a href="#summary">back to summary</a></p><h3 id="m24">com.TestCases.ProductCheckOutTest#validateProductOnInformationPage</h3><table class="result"><tr><th>Exception</th></tr><tr><td><div class="stacktrace">java.lang.Throwable: Method ProductCheckOutTest.validateProductOnInformationPage()[pri:0, instance:com.TestCases.ProductCheckOutTest@c46bcd4] depends on not successfully finished methods
	at java.util.concurrent.FutureTask.run(Unknown Source)
	at java.util.concurrent.ThreadPoolExecutor.runWorker(Unknown Source)
	at java.util.concurrent.ThreadPoolExecutor$Worker.run(Unknown Source)
	at java.lang.Thread.run(Unknown Source)
... Removed 9 stack frames</div></td></tr></table><p class="totop"><a href="#summary">back to summary</a></p><h3 id="m25">com.TestCases.ProductCheckOutTest#validateProductOnOverviewPage</h3><table class="result"><tr><th>Exception</th></tr><tr><td><div class="stacktrace">java.lang.Throwable: Method ProductCheckOutTest.validateProductOnOverviewPage()[pri:0, instance:com.TestCases.ProductCheckOutTest@c46bcd4] depends on not successfully finished methods
	at java.util.concurrent.FutureTask.run(Unknown Source)
	at java.util.concurrent.ThreadPoolExecutor.runWorker(Unknown Source)
	at java.util.concurrent.ThreadPoolExecutor$Worker.run(Unknown Source)
	at java.lang.Thread.run(Unknown Source)
... Removed 9 stack frames</div></td></tr></table><p class="totop"><a href="#summary">back to summary</a></p><h3 id="m26">com.TestCases.ProductCheckOutTest#validateProductOrderSucess</h3><table class="result"><tr><th>Exception</th></tr><tr><td><div class="stacktrace">java.lang.Throwable: Method ProductCheckOutTest.validateProductOrderSucess()[pri:0, instance:com.TestCases.ProductCheckOutTest@c46bcd4] depends on not successfully finished methods
	at java.util.concurrent.FutureTask.run(Unknown Source)
	at java.util.concurrent.ThreadPoolExecutor.runWorker(Unknown Source)
	at java.util.concurrent.ThreadPoolExecutor$Worker.run(Unknown Source)
	at java.lang.Thread.run(Unknown Source)
... Removed 9 stack frames</div></td></tr></table><p class="totop"><a href="#summary">back to summary</a></p><h3 id="m27">com.TestCases.ProductInformationTest#validateProductsOnProductDetailsPage</h3><table class="result"></table><p class="totop"><a href="#summary">back to summary</a></p><h3 id="m28">com.TestCases.ProductInformationTest#validateProductsOnProductPage</h3><table class="result"></table><p class="totop"><a href="#summary">back to summary</a></p><h3 id="m29">com.TestCases.LoginTest#invalidUsernameTest</h3><table class="result"></table><p class="totop"><a href="#summary">back to summary</a></p><h2>Mobile Automation Test on Pixel 3</h2><h3 id="m30">com.TestCases.ProductCheckOutTest#jsonDataInitialaization</h3><table class="result"><tr><th>Exception</th></tr><tr><td><div class="stacktrace">org.openqa.selenium.WebDriverException: org.openqa.selenium.WebDriverException: An unknown server-side error occurred while processing the command. Original error: Could not proxy command to remote server. Original error: Error: socket hang up
Build info: version: &apos;3.14.0&apos;, revision: &apos;aacccce0&apos;, time: &apos;2018-08-02T20:19:58.91Z&apos;
System info: host: &apos;VICKY&apos;, ip: &apos;10.0.75.1&apos;, os.name: &apos;Windows 10&apos;, os.arch: &apos;amd64&apos;, os.version: &apos;10.0&apos;, java.version: &apos;1.8.0_231&apos;
Driver info: io.appium.java_client.android.AndroidDriver
Capabilities {appActivity: com.swaglabsmobileapp.MainA..., appPackage: com.swaglabsmobileapp, avdLaunchTimeout: 120000, databaseEnabled: false, desired: {appActivity: com.swaglabsmobileapp.MainA..., appPackage: com.swaglabsmobileapp, avdLaunchTimeout: 120000, deviceName: Pixel_2, platformName: android, platformVersion: 9.0}, deviceApiLevel: 28, deviceManufacturer: Google, deviceModel: AOSP on IA Emulator, deviceName: emulator-5554, deviceScreenDensity: 420, deviceScreenSize: 1080x1920, deviceUDID: emulator-5554, javascriptEnabled: true, locationContextEnabled: false, networkConnectionEnabled: true, pixelRatio: 2.625, platform: LINUX, platformName: Android, platformVersion: 9, statBarHeight: 63, takesScreenshot: true, viewportRect: {height: 1731, left: 0, top: 63, width: 1080}, warnings: {}, webStorageEnabled: false}
Session ID: f6ab2a3d-c17e-46ab-b0af-c0fcfdb80aaf
*** Element info: {Using=accessibility id, value=test-Username}
	at io.appium.java_client.pagefactory.AppiumElementLocator$WaitingFunction.apply(AppiumElementLocator.java:192)
	at io.appium.java_client.pagefactory.AppiumElementLocator$WaitingFunction.apply(AppiumElementLocator.java:1)
	at org.openqa.selenium.support.ui.FluentWait.until(FluentWait.java:260)
	at io.appium.java_client.pagefactory.AppiumElementLocator.waitFor(AppiumElementLocator.java:99)
	at io.appium.java_client.pagefactory.AppiumElementLocator.findElement(AppiumElementLocator.java:119)
	at io.appium.java_client.pagefactory.interceptors.InterceptorOfASingleElement.intercept(InterceptorOfASingleElement.java:59)
	at io.appium.java_client.android.AndroidElement$$EnhancerByCGLIB$$c0b591f0.clear(&lt;generated&gt;)
	at com.BaseClass.TestBase.clear(TestBase.java:240)
	at com.Pages.LoginPage.enterUsername(LoginPage.java:22)
	at com.Pages.LoginPage.userLogin(LoginPage.java:44)
	at com.TestCases.ProductCheckOutTest.jsonDataInitialaization(ProductCheckOutTest.java:59)
	at java.util.concurrent.FutureTask.run(Unknown Source)
	at java.util.concurrent.ThreadPoolExecutor.runWorker(Unknown Source)
	at java.util.concurrent.ThreadPoolExecutor$Worker.run(Unknown Source)
	at java.lang.Thread.run(Unknown Source)
Caused by: org.openqa.selenium.WebDriverException: An unknown server-side error occurred while processing the command. Original error: Could not proxy command to remote server. Original error: Error: socket hang up
Build info: version: &apos;3.14.0&apos;, revision: &apos;aacccce0&apos;, time: &apos;2018-08-02T20:19:58.91Z&apos;
System info: host: &apos;VICKY&apos;, ip: &apos;10.0.75.1&apos;, os.name: &apos;Windows 10&apos;, os.arch: &apos;amd64&apos;, os.version: &apos;10.0&apos;, java.version: &apos;1.8.0_231&apos;
Driver info: io.appium.java_client.android.AndroidDriver
Capabilities {appActivity: com.swaglabsmobileapp.MainA..., appPackage: com.swaglabsmobileapp, avdLaunchTimeout: 120000, databaseEnabled: false, desired: {appActivity: com.swaglabsmobileapp.MainA..., appPackage: com.swaglabsmobileapp, avdLaunchTimeout: 120000, deviceName: Pixel_2, platformName: android, platformVersion: 9.0}, deviceApiLevel: 28, deviceManufacturer: Google, deviceModel: AOSP on IA Emulator, deviceName: emulator-5554, deviceScreenDensity: 420, deviceScreenSize: 1080x1920, deviceUDID: emulator-5554, javascriptEnabled: true, locationContextEnabled: false, networkConnectionEnabled: true, pixelRatio: 2.625, platform: LINUX, platformName: Android, platformVersion: 9, statBarHeight: 63, takesScreenshot: true, viewportRect: {height: 1731, left: 0, top: 63, width: 1080}, warnings: {}, webStorageEnabled: false}
Session ID: f6ab2a3d-c17e-46ab-b0af-c0fcfdb80aaf
*** Element info: {Using=accessibility id, value=test-Username}
	at org.openqa.selenium.remote.http.W3CHttpResponseCodec.createException(W3CHttpResponseCodec.java:187)
	at org.openqa.selenium.remote.http.W3CHttpResponseCodec.decode(W3CHttpResponseCodec.java:122)
	at org.openqa.selenium.remote.http.W3CHttpResponseCodec.decode(W3CHttpResponseCodec.java:49)
	at org.openqa.selenium.remote.HttpCommandExecutor.execute(HttpCommandExecutor.java:158)
	at io.appium.java_client.remote.AppiumCommandExecutor.execute(AppiumCommandExecutor.java:239)
	at org.openqa.selenium.remote.RemoteWebDriver.execute(RemoteWebDriver.java:548)
	at io.appium.java_client.DefaultGenericMobileDriver.execute(DefaultGenericMobileDriver.java:41)
	at io.appium.java_client.AppiumDriver.execute(AppiumDriver.java:1)
	at io.appium.java_client.android.AndroidDriver.execute(AndroidDriver.java:1)
	at org.openqa.selenium.remote.RemoteWebDriver.findElement(RemoteWebDriver.java:322)
	at io.appium.java_client.DefaultGenericMobileDriver.findElement(DefaultGenericMobileDriver.java:61)
	at io.appium.java_client.AppiumDriver.findElement(AppiumDriver.java:1)
	at io.appium.java_client.android.AndroidDriver.findElement(AndroidDriver.java:1)
	at io.appium.java_client.FindsByAccessibilityId.findElementByAccessibilityId(FindsByAccessibilityId.java:37)
	at io.appium.java_client.MobileBy$ByAccessibilityId.findElement(MobileBy.java:274)
	at org.openqa.selenium.remote.RemoteWebDriver.findElement(RemoteWebDriver.java:314)
	at io.appium.java_client.DefaultGenericMobileDriver.findElement(DefaultGenericMobileDriver.java:57)
	at io.appium.java_client.AppiumDriver.findElement(AppiumDriver.java:1)
	at io.appium.java_client.android.AndroidDriver.findElement(AndroidDriver.java:1)
	at io.appium.java_client.pagefactory.bys.builder.ByChained.lambda$0(ByChained.java:38)
	at org.openqa.selenium.support.ui.FluentWait.until(FluentWait.java:260)
	at io.appium.java_client.pagefactory.bys.builder.ByChained.findElement(ByChained.java:72)
	at org.openqa.selenium.remote.RemoteWebDriver.findElement(RemoteWebDriver.java:314)
	at io.appium.java_client.DefaultGenericMobileDriver.findElement(DefaultGenericMobileDriver.java:57)
	at io.appium.java_client.AppiumDriver.findElement(AppiumDriver.java:1)
	at io.appium.java_client.android.AndroidDriver.findElement(AndroidDriver.java:1)
	at io.appium.java_client.pagefactory.bys.ContentMappedBy.findElement(ContentMappedBy.java:50)
	at org.openqa.selenium.remote.RemoteWebDriver.findElement(RemoteWebDriver.java:314)
	at io.appium.java_client.DefaultGenericMobileDriver.findElement(DefaultGenericMobileDriver.java:57)
	at io.appium.java_client.AppiumDriver.findElement(AppiumDriver.java:1)
	at io.appium.java_client.android.AndroidDriver.findElement(AndroidDriver.java:1)
	at io.appium.java_client.pagefactory.AppiumElementLocator.lambda$0(AppiumElementLocator.java:120)
	at io.appium.java_client.pagefactory.AppiumElementLocator$WaitingFunction.apply(AppiumElementLocator.java:172)
	... 30 more
... Removed 20 stack frames</div></td></tr></table><p class="totop"><a href="#summary">back to summary</a></p><h3 id="m31">com.TestCases.LoginTest#Initialaization</h3><table class="result"></table><p class="totop"><a href="#summary">back to summary</a></p><h3 id="m32">com.TestCases.LoginTest#Initialaization</h3><table class="result"></table><p class="totop"><a href="#summary">back to summary</a></p><h3 id="m33">com.TestCases.LoginTest#afterTest</h3><table class="result"></table><p class="totop"><a href="#summary">back to summary</a></p><h3 id="m34">com.TestCases.LoginTest#startVideoRecording</h3><table class="result"></table><p class="totop"><a href="#summary">back to summary</a></p><h3 id="m35">com.TestCases.LoginTest#startVideoRecording</h3><table class="result"></table><p class="totop"><a href="#summary">back to summary</a></p><h3 id="m36">com.TestCases.LoginTest#stopAppiumServer</h3><table class="result"></table><p class="totop"><a href="#summary">back to summary</a></p><h3 id="m37">com.TestCases.LoginTest#stopVideoRecording</h3><table class="result"></table><p class="totop"><a href="#summary">back to summary</a></p><h3 id="m38">com.TestCases.LoginTest#stopVideoRecording</h3><table class="result"></table><p class="totop"><a href="#summary">back to summary</a></p><h3 id="m39">com.TestCases.ProductCheckOutTest#logOutAndTearDown</h3><table class="result"></table><p class="totop"><a href="#summary">back to summary</a></p><h3 id="m40">com.TestCases.ProductCheckOutTest#startVideoRecording</h3><table class="result"></table><p class="totop"><a href="#summary">back to summary</a></p><h3 id="m41">com.TestCases.ProductCheckOutTest#stopVideoRecording</h3><table class="result"></table><p class="totop"><a href="#summary">back to summary</a></p><h3 id="m42">com.TestCases.ProductInformationTest#afterMethod</h3><table class="result"></table><p class="totop"><a href="#summary">back to summary</a></p><h3 id="m43">com.TestCases.ProductInformationTest#afterMethod</h3><table class="result"></table><p class="totop"><a href="#summary">back to summary</a></p><h3 id="m44">com.TestCases.ProductInformationTest#beforeClass</h3><table class="result"></table><p class="totop"><a href="#summary">back to summary</a></p><h3 id="m45">com.TestCases.ProductInformationTest#beforeMethod</h3><table class="result"></table><p class="totop"><a href="#summary">back to summary</a></p><h3 id="m46">com.TestCases.ProductInformationTest#beforeMethod</h3><table class="result"></table><p class="totop"><a href="#summary">back to summary</a></p><h3 id="m47">com.TestCases.ProductInformationTest#startVideoRecording</h3><table class="result"></table><p class="totop"><a href="#summary">back to summary</a></p><h3 id="m48">com.TestCases.ProductInformationTest#startVideoRecording</h3><table class="result"></table><p class="totop"><a href="#summary">back to summary</a></p><h3 id="m49">com.TestCases.ProductInformationTest#stopVideoRecording</h3><table class="result"></table><p class="totop"><a href="#summary">back to summary</a></p><h3 id="m50">com.TestCases.ProductInformationTest#stopVideoRecording</h3><table class="result"></table><p class="totop"><a href="#summary">back to summary</a></p><h3 id="m51">com.TestCases.LoginTest#invalidPasswordTest</h3><table class="result"></table><p class="totop"><a href="#summary">back to summary</a></p><h3 id="m52">com.TestCases.LoginTest#validUsernameTest</h3><table class="result"></table><p class="totop"><a href="#summary">back to summary</a></p><h3 id="m53">com.TestCases.ProductCheckOutTest#validateAddToCart</h3><table class="result"></table><p class="totop"><a href="#summary">back to summary</a></p><h3 id="m54">com.TestCases.ProductCheckOutTest#validateProductOnCartPage</h3><table class="result"><tr><th>Exception</th></tr><tr><td><div class="stacktrace">java.lang.Throwable: Method ProductCheckOutTest.validateProductOnCartPage()[pri:0, instance:com.TestCases.ProductCheckOutTest@7113b13f] depends on not successfully finished methods
	at java.util.concurrent.FutureTask.run(Unknown Source)
	at java.util.concurrent.ThreadPoolExecutor.runWorker(Unknown Source)
	at java.util.concurrent.ThreadPoolExecutor$Worker.run(Unknown Source)
	at java.lang.Thread.run(Unknown Source)
... Removed 9 stack frames</div></td></tr></table><p class="totop"><a href="#summary">back to summary</a></p><h3 id="m55">com.TestCases.ProductCheckOutTest#validateProductOnInformationPage</h3><table class="result"><tr><th>Exception</th></tr><tr><td><div class="stacktrace">java.lang.Throwable: Method ProductCheckOutTest.validateProductOnInformationPage()[pri:0, instance:com.TestCases.ProductCheckOutTest@7113b13f] depends on not successfully finished methods
	at java.util.concurrent.FutureTask.run(Unknown Source)
	at java.util.concurrent.ThreadPoolExecutor.runWorker(Unknown Source)
	at java.util.concurrent.ThreadPoolExecutor$Worker.run(Unknown Source)
	at java.lang.Thread.run(Unknown Source)
... Removed 9 stack frames</div></td></tr></table><p class="totop"><a href="#summary">back to summary</a></p><h3 id="m56">com.TestCases.ProductCheckOutTest#validateProductOnOverviewPage</h3><table class="result"><tr><th>Exception</th></tr><tr><td><div class="stacktrace">java.lang.Throwable: Method ProductCheckOutTest.validateProductOnOverviewPage()[pri:0, instance:com.TestCases.ProductCheckOutTest@7113b13f] depends on not successfully finished methods
	at java.util.concurrent.FutureTask.run(Unknown Source)
	at java.util.concurrent.ThreadPoolExecutor.runWorker(Unknown Source)
	at java.util.concurrent.ThreadPoolExecutor$Worker.run(Unknown Source)
	at java.lang.Thread.run(Unknown Source)
... Removed 9 stack frames</div></td></tr></table><p class="totop"><a href="#summary">back to summary</a></p><h3 id="m57">com.TestCases.ProductCheckOutTest#validateProductOrderSucess</h3><table class="result"><tr><th>Exception</th></tr><tr><td><div class="stacktrace">java.lang.Throwable: Method ProductCheckOutTest.validateProductOrderSucess()[pri:0, instance:com.TestCases.ProductCheckOutTest@7113b13f] depends on not successfully finished methods
	at java.util.concurrent.FutureTask.run(Unknown Source)
	at java.util.concurrent.ThreadPoolExecutor.runWorker(Unknown Source)
	at java.util.concurrent.ThreadPoolExecutor$Worker.run(Unknown Source)
	at java.lang.Thread.run(Unknown Source)
... Removed 9 stack frames</div></td></tr></table><p class="totop"><a href="#summary">back to summary</a></p><h3 id="m58">com.TestCases.ProductInformationTest#validateProductsOnProductDetailsPage</h3><table class="result"></table><p class="totop"><a href="#summary">back to summary</a></p><h3 id="m59">com.TestCases.ProductInformationTest#validateProductsOnProductPage</h3><table class="result"></table><p class="totop"><a href="#summary">back to summary</a></p><h3 id="m60">com.TestCases.LoginTest#invalidUsernameTest</h3><table class="result"></table><p class="totop"><a href="#summary">back to summary</a></p></body></html>