<!DOCTYPE html PUBLIC "-//W3C//DTD XHTML 1.1//EN" "http://www.w3.org/TR/xhtml11/DTD/xhtml11.dtd">
<html xmlns="http://www.w3.org/1999/xhtml"><head><title>TestNG Report</title><style type="text/css">table {margin-bottom:10px;border-collapse:collapse;empty-cells:show}th,td {border:1px solid #009;padding:.25em .5em}th {vertical-align:bottom}td {vertical-align:top}table a {font-weight:bold}.stripe td {background-color: #E6EBF9}.num {text-align:right}.passedodd td {background-color: #3F3}.passedeven td {background-color: #0A0}.skippedodd td {background-color: #DDD}.skippedeven td {background-color: #CCC}.failedodd td,.attn {background-color: #F33}.failedeven td,.stripe .attn {background-color: #D00}.stacktrace {white-space:pre;font-family:monospace}.totop {font-size:85%;text-align:center;border-bottom:2px solid #000}</style></head><body><table><tr><th>Test</th><th># Passed</th><th># Skipped</th><th># Failed</th><th>Time (ms)</th><th>Included Groups</th><th>Excluded Groups</th></tr><tr><th colspan="7">Suite</th></tr><tr><td><a href="#t0">Mobile Automation Test on Pixel 2</a></td><td class="num">0</td><td class="num">0</td><td class="num attn">3</td><td class="num">64,247</td><td></td><td></td></tr></table><table><thead><tr><th>Class</th><th>Method</th><th>Start</th><th>Time (ms)</th></tr></thead><tbody><tr><th colspan="4">Suite</th></tr></tbody><tbody id="t0"><tr><th colspan="4">Mobile Automation Test on Pixel 2 &#8212; failed</th></tr><tr class="failedeven"><td rowspan="3">com.TestCases.LoginTest</td><td><a href="#m0">invalidPasswordTest</a></td><td rowspan="1">1608611451567</td><td rowspan="1">5122</td></tr><tr class="failedeven"><td><a href="#m1">invalidUsernameTest</a></td><td rowspan="1">1608611439784</td><td rowspan="1">8862</td></tr><tr class="failedeven"><td><a href="#m2">validUsernameTest</a></td><td rowspan="1">1608611459720</td><td rowspan="1">8290</td></tr></tbody></table><h2>Mobile Automation Test on Pixel 2</h2><h3 id="m0">com.TestCases.LoginTest#invalidPasswordTest</h3><table class="result"><tr><th>Messages</th></tr><tr><td><div class="messages">Test Case Got Failed Screenshot Taken<br/>&lt;a href=&apos;D:\ProjectSelenium\Appium_Framework\Screenshots\Android_Pixel_2\2020-12-22-10-00-11\LoginTest\invalidPasswordTest.png&apos;&gt; &lt;img src=&apos;D:\ProjectSelenium\Appium_Framework\Screenshots\Android_Pixel_2\2020-12-22-10-00-11\LoginTest\invalidPasswordTest.png&apos; height=&apos;400&apos; width=&apos;400&apos;/&gt; &lt;/a&gt;</div></td></tr><tr><th>Exception</th></tr><tr><td><div class="stacktrace">java.lang.AssertionError: The following asserts failed:
	expected [null] but found [Username and password do not match any user in this service.]
	at com.TestCases.LoginTest.invalidPasswordTest(LoginTest.java:69)
... Removed 25 stack frames</div></td></tr></table><p class="totop"><a href="#summary">back to summary</a></p><h3 id="m1">com.TestCases.LoginTest#invalidUsernameTest</h3><table class="result"><tr><th>Messages</th></tr><tr><td><div class="messages">Test Case Got Failed Screenshot Taken<br/>&lt;a href=&apos;D:\ProjectSelenium\Appium_Framework\Screenshots\Android_Pixel_2\2020-12-22-10-00-11\LoginTest\invalidUsernameTest.png&apos;&gt; &lt;img src=&apos;D:\ProjectSelenium\Appium_Framework\Screenshots\Android_Pixel_2\2020-12-22-10-00-11\LoginTest\invalidUsernameTest.png&apos; height=&apos;400&apos; width=&apos;400&apos;/&gt; &lt;/a&gt;</div></td></tr><tr><th>Exception</th></tr><tr><td><div class="stacktrace">java.lang.AssertionError: The following asserts failed:
	expected [null] but found [Username and password do not match any user in this service.]
	at com.TestCases.LoginTest.invalidUsernameTest(LoginTest.java:57)
... Removed 25 stack frames</div></td></tr></table><p class="totop"><a href="#summary">back to summary</a></p><h3 id="m2">com.TestCases.LoginTest#validUsernameTest</h3><table class="result"><tr><th>Messages</th></tr><tr><td><div class="messages">Test Case Got Failed Screenshot Taken<br/>&lt;a href=&apos;D:\ProjectSelenium\Appium_Framework\Screenshots\Android_Pixel_2\2020-12-22-10-00-11\LoginTest\validUsernameTest.png&apos;&gt; &lt;img src=&apos;D:\ProjectSelenium\Appium_Framework\Screenshots\Android_Pixel_2\2020-12-22-10-00-11\LoginTest\validUsernameTest.png&apos; height=&apos;400&apos; width=&apos;400&apos;/&gt; &lt;/a&gt;</div></td></tr><tr><th>Exception</th></tr><tr><td><div class="stacktrace">java.lang.AssertionError: The following asserts failed:
	expected [null] but found [PRODUCTS]
	at com.TestCases.LoginTest.validUsernameTest(LoginTest.java:81)
... Removed 25 stack frames</div></td></tr></table><p class="totop"><a href="#summary">back to summary</a></p></body></html>